17:42:29.810 [main] INFO  org.testng.internal.Utils - [Utils] MethodGroupsHelper.collectMethodsByGroup() took 0 ms.
17:42:29.813 [main] INFO  org.testng.internal.Utils - [Utils] MethodGroupsHelper.sortMethods() took 0 ms.
17:42:29.815 [main] INFO  org.testng.internal.Utils - [Utils] MethodGroupsHelper.collectMethodsByGroup() took 0 ms.
17:42:29.815 [main] INFO  org.testng.internal.Utils - [Utils] MethodGroupsHelper.sortMethods() took 0 ms.
17:42:29.815 [main] INFO  org.testng.internal.Utils - [Utils] MethodGroupsHelper.collectMethodsByGroup() took 0 ms.
17:42:29.815 [main] INFO  org.testng.internal.Utils - [Utils] MethodGroupsHelper.sortMethods() took 0 ms.
17:42:29.818 [main] INFO  org.testng.internal.Utils - [Utils] MethodGroupsHelper.collectMethodsByGroup() took 0 ms.
17:42:29.818 [main] INFO  org.testng.internal.Utils - [Utils] MethodGroupsHelper.sortMethods() took 0 ms.
17:42:29.820 [main] INFO  org.testng.internal.Utils - [Utils] MethodGroupsHelper.collectMethodsByGroup() took 0 ms.
17:42:29.820 [main] INFO  org.testng.internal.Utils - [Utils] MethodGroupsHelper.sortMethods() took 0 ms.
17:42:29.820 [main] INFO  org.testng.internal.Utils - [Utils] MethodGroupsHelper.collectMethodsByGroup() took 0 ms.
17:42:29.820 [main] INFO  org.testng.internal.Utils - [Utils] MethodGroupsHelper.sortMethods() took 0 ms.
17:42:29.826 [main] INFO  org.testng.internal.Utils - [TestNG] Running:
  C:\Users\rajav\AppData\Local\Temp\testng-eclipse--288743108\testng-customsuite.xml

17:42:29.841 [main] INFO  org.testng.internal.Utils - [Utils] DynamicGraphHelper.createDynamicGraph() took 2 ms.
17:42:43.055 [main] INFO  org.testng.internal.Utils - [TestNG] Time taken by org.testng.reporters.jq.Main@24e08d59: 57 ms
17:42:43.066 [main] INFO  org.testng.internal.Utils - [TestNG] Time taken by org.testng.reporters.FailedReporter@256aa5f2: 11 ms
17:42:43.075 [main] INFO  org.testng.internal.Utils - [TestNG] Time taken by org.testng.reporters.XMLReporter@776802b0: 9 ms
17:42:43.083 [main] INFO  org.testng.internal.Utils - [TestNG] Time taken by org.testng.reporters.EmailableReporter2@17740dae: 7 ms
17:42:43.088 [main] INFO  org.testng.internal.Utils - [TestNG] Time taken by org.testng.reporters.JUnitReportReporter@35835e65: 4 ms
17:42:43.088 [main] INFO  org.testng.internal.Utils - [TestNG] Time taken by org.testng.internal.ExitCodeListener@289fdb08: 0 ms
17:46:05.074 [main] INFO  org.testng.internal.Utils - [TestNG] Running:
  C:\Users\rajav\eclipse-workspace\opencartV1.21\testng.xml

17:48:16.715 [main] INFO  org.testng.internal.Utils - [TestNG] Running:
  C:\Users\rajav\eclipse-workspace\opencartV1.21\testng.xml

16:31:50.421 [main] INFO  org.testng.internal.Utils - [TestNG] Running:
  C:\Users\rajav\eclipse-workspace\opencartV1.21\grouping.xml

16:33:43.751 [main] INFO  org.testng.internal.Utils - [TestNG] Running:
  C:\Users\rajav\eclipse-workspace\opencartV1.21\testng.xml

10:57:52.190 [main] INFO  org.testng.internal.Utils - [TestNG] Running:
  C:\Users\rajav\eclipse-workspace\opencartV1.21\testng.xml

11:00:10.351 [main] INFO  org.testng.internal.Utils - [TestNG] Running:
  C:\Users\rajav\eclipse-workspace\opencartV1.21\testng.xml

11:08:51.089 [main] INFO  org.testng.internal.Utils - [TestNG] Running:
  C:\Users\rajav\eclipse-workspace\opencartV1.21\crossbrowsertesting.xml

11:08:57.027 [main] INFO  testCases.TC002_LoginTest - *****starting TC_002_LoginTest****
11:08:59.000 [main] INFO  testCases.TC002_LoginTest - ****Finished TC_002_LoginTest***
11:09:07.539 [main] INFO  testCases.TC002_LoginTest - *****starting TC_002_LoginTest****
11:09:09.620 [main] INFO  testCases.TC002_LoginTest - ****Finished TC_002_LoginTest***
11:22:38.236 [main] INFO  org.testng.internal.Utils - [TestNG] Running:
  C:\Users\rajav\eclipse-workspace\opencartV1.21\grouping.xml

11:22:59.428 [main] INFO  org.testng.internal.Utils - [TestNG] Running:
  C:\Users\rajav\eclipse-workspace\opencartV1.21\crossbrowsertesting.xml

11:23:09.535 [main] INFO  testCases.TC002_LoginTest - *****starting TC_002_LoginTest****
11:23:13.254 [main] INFO  testCases.TC002_LoginTest - ****Finished TC_002_LoginTest***
11:23:23.170 [main] INFO  testCases.TC002_LoginTest - *****starting TC_002_LoginTest****
11:23:26.004 [main] INFO  testCases.TC002_LoginTest - ****Finished TC_002_LoginTest***
